2020-04-03 15:44:57,299 [Worker-1] INFO  o.e.m.c.i.l.LifecycleMappingFactory - Using org.eclipse.m2e.jdt.JarLifecycleMapping lifecycle mapping for MavenProject: Demo_test:Demo_test:0.0.1-SNAPSHOT @ C:\Users\ssorakaylu\workspace1\Demo_test\pom.xml.
2020-04-03 15:44:57,348 [Worker-1] INFO  o.e.m.c.i.l.LifecycleMappingFactory - Using org.eclipse.m2e.jdt.JarLifecycleMapping lifecycle mapping for MavenProject: Sample:Sample:0.0.1-SNAPSHOT @ C:\Users\ssorakaylu\workspace1\Sample\pom.xml.
2020-04-03 15:44:57,821 [Worker-1] INFO  o.e.m.j.i.AbstractJavaProjectConfigurator - Adding source folder /Demo_test/src
2020-04-03 15:44:57,822 [Worker-1] INFO  o.e.m.j.i.AbstractJavaProjectConfigurator - Not adding source folder /Demo_test/src/test/java because it overlaps with /Demo_test/src
2020-04-03 15:44:57,882 [Worker-1] INFO  o.e.m.j.i.AbstractJavaProjectConfigurator - Adding source folder /Sample/src
2020-04-03 15:44:57,883 [Worker-1] INFO  o.e.m.j.i.AbstractJavaProjectConfigurator - Not adding source folder /Sample/src/test/java because it overlaps with /Sample/src
2020-04-03 15:44:57,918 [Worker-1] INFO  o.e.m.c.i.p.ProjectConfigurationManager - Imported and configured 2 project(s) in 2 sec
2020-04-03 15:44:58,402 [Worker-4] INFO  o.e.m.c.i.l.LifecycleMappingFactory - Using org.eclipse.m2e.jdt.JarLifecycleMapping lifecycle mapping for MavenProject: Demo_test:Demo_test:0.0.1-SNAPSHOT @ C:\Users\ssorakaylu\workspace1\Demo_test\pom.xml.
2020-04-03 15:44:58,498 [Worker-4] INFO  o.e.m.c.i.l.LifecycleMappingFactory - Using org.eclipse.m2e.jdt.JarLifecycleMapping lifecycle mapping for MavenProject: Sample:Sample:0.0.1-SNAPSHOT @ C:\Users\ssorakaylu\workspace1\Sample\pom.xml.
2020-04-03 15:44:58,662 [Worker-1] WARN  o.e.m.c.i.embedder.EclipseLogger - Using platform encoding (Cp1252 actually) to copy filtered resources, i.e. build is platform dependent!
2020-04-03 15:44:58,666 [Worker-1] INFO  o.e.m.c.i.embedder.EclipseLogger - skip non existing resourceDirectory C:\Users\ssorakaylu\workspace1\Demo_test\src\main\resources
2020-04-03 15:44:58,670 [Worker-1] WARN  o.e.m.c.i.embedder.EclipseLogger - Using platform encoding (Cp1252 actually) to copy filtered resources, i.e. build is platform dependent!
2020-04-03 15:44:58,670 [Worker-1] INFO  o.e.m.c.i.embedder.EclipseLogger - skip non existing resourceDirectory C:\Users\ssorakaylu\workspace1\Demo_test\src\test\resources
2020-04-03 15:44:58,847 [Worker-1] WARN  o.e.m.c.i.embedder.EclipseLogger - Using platform encoding (Cp1252 actually) to copy filtered resources, i.e. build is platform dependent!
2020-04-03 15:44:58,848 [Worker-1] INFO  o.e.m.c.i.embedder.EclipseLogger - skip non existing resourceDirectory C:\Users\ssorakaylu\workspace1\Sample\src\main\resources
2020-04-03 15:44:58,849 [Worker-1] WARN  o.e.m.c.i.embedder.EclipseLogger - Using platform encoding (Cp1252 actually) to copy filtered resources, i.e. build is platform dependent!
2020-04-03 15:44:58,850 [Worker-1] INFO  o.e.m.c.i.embedder.EclipseLogger - skip non existing resourceDirectory C:\Users\ssorakaylu\workspace1\Sample\src\test\resources
2020-04-03 15:44:59,886 [Worker-5] WARN  o.e.m.c.i.embedder.EclipseLogger - Using platform encoding (Cp1252 actually) to copy filtered resources, i.e. build is platform dependent!
2020-04-03 15:44:59,887 [Worker-5] INFO  o.e.m.c.i.embedder.EclipseLogger - skip non existing resourceDirectory C:\Users\ssorakaylu\workspace1\Demo_test\src\main\resources
2020-04-03 15:44:59,888 [Worker-5] WARN  o.e.m.c.i.embedder.EclipseLogger - Using platform encoding (Cp1252 actually) to copy filtered resources, i.e. build is platform dependent!
2020-04-03 15:44:59,888 [Worker-5] INFO  o.e.m.c.i.embedder.EclipseLogger - skip non existing resourceDirectory C:\Users\ssorakaylu\workspace1\Demo_test\src\test\resources
2020-04-03 15:44:59,897 [Worker-5] WARN  o.e.m.c.i.embedder.EclipseLogger - Using platform encoding (Cp1252 actually) to copy filtered resources, i.e. build is platform dependent!
2020-04-03 15:44:59,898 [Worker-5] INFO  o.e.m.c.i.embedder.EclipseLogger - skip non existing resourceDirectory C:\Users\ssorakaylu\workspace1\Sample\src\main\resources
2020-04-03 15:44:59,899 [Worker-5] WARN  o.e.m.c.i.embedder.EclipseLogger - Using platform encoding (Cp1252 actually) to copy filtered resources, i.e. build is platform dependent!
2020-04-03 15:44:59,899 [Worker-5] INFO  o.e.m.c.i.embedder.EclipseLogger - skip non existing resourceDirectory C:\Users\ssorakaylu\workspace1\Sample\src\test\resources
2020-04-03 15:46:17,521 [Worker-0] WARN  o.e.m.c.i.embedder.EclipseLogger - Using platform encoding (Cp1252 actually) to copy filtered resources, i.e. build is platform dependent!
2020-04-03 15:46:17,521 [Worker-0] INFO  o.e.m.c.i.embedder.EclipseLogger - skip non existing resourceDirectory C:\Users\ssorakaylu\workspace1\Demo_test\src\main\resources
2020-04-03 15:46:17,521 [Worker-0] WARN  o.e.m.c.i.embedder.EclipseLogger - Using platform encoding (Cp1252 actually) to copy filtered resources, i.e. build is platform dependent!
2020-04-03 15:46:17,525 [Worker-0] INFO  o.e.m.c.i.embedder.EclipseLogger - skip non existing resourceDirectory C:\Users\ssorakaylu\workspace1\Demo_test\src\test\resources
2020-04-03 15:46:32,975 [Worker-4] WARN  o.e.m.c.i.embedder.EclipseLogger - Using platform encoding (Cp1252 actually) to copy filtered resources, i.e. build is platform dependent!
2020-04-03 15:46:32,979 [Worker-4] INFO  o.e.m.c.i.embedder.EclipseLogger - skip non existing resourceDirectory C:\Users\ssorakaylu\workspace1\Demo_test\src\main\resources
2020-04-03 15:46:32,983 [Worker-4] WARN  o.e.m.c.i.embedder.EclipseLogger - Using platform encoding (Cp1252 actually) to copy filtered resources, i.e. build is platform dependent!
2020-04-03 15:46:32,987 [Worker-4] INFO  o.e.m.c.i.embedder.EclipseLogger - skip non existing resourceDirectory C:\Users\ssorakaylu\workspace1\Demo_test\src\test\resources
2020-04-03 15:46:38,686 [Worker-4] WARN  o.e.m.c.i.embedder.EclipseLogger - Using platform encoding (Cp1252 actually) to copy filtered resources, i.e. build is platform dependent!
2020-04-03 15:46:38,686 [Worker-4] INFO  o.e.m.c.i.embedder.EclipseLogger - skip non existing resourceDirectory C:\Users\ssorakaylu\workspace1\Demo_test\src\main\resources
2020-04-03 15:46:38,686 [Worker-4] WARN  o.e.m.c.i.embedder.EclipseLogger - Using platform encoding (Cp1252 actually) to copy filtered resources, i.e. build is platform dependent!
2020-04-03 15:46:38,686 [Worker-4] INFO  o.e.m.c.i.embedder.EclipseLogger - skip non existing resourceDirectory C:\Users\ssorakaylu\workspace1\Demo_test\src\test\resources
2020-04-03 15:47:09,968 [Worker-0] WARN  o.e.m.c.i.embedder.EclipseLogger - Using platform encoding (Cp1252 actually) to copy filtered resources, i.e. build is platform dependent!
2020-04-03 15:47:09,972 [Worker-0] INFO  o.e.m.c.i.embedder.EclipseLogger - skip non existing resourceDirectory C:\Users\ssorakaylu\workspace1\Demo_test\src\main\resources
2020-04-03 15:47:09,980 [Worker-0] WARN  o.e.m.c.i.embedder.EclipseLogger - Using platform encoding (Cp1252 actually) to copy filtered resources, i.e. build is platform dependent!
2020-04-03 15:47:09,980 [Worker-0] INFO  o.e.m.c.i.embedder.EclipseLogger - skip non existing resourceDirectory C:\Users\ssorakaylu\workspace1\Demo_test\src\test\resources
2020-04-03 15:50:09,074 [Worker-9] WARN  o.e.m.c.i.embedder.EclipseLogger - Using platform encoding (Cp1252 actually) to copy filtered resources, i.e. build is platform dependent!
2020-04-03 15:50:09,078 [Worker-9] INFO  o.e.m.c.i.embedder.EclipseLogger - skip non existing resourceDirectory C:\Users\ssorakaylu\workspace1\Demo_test\src\main\resources
2020-04-03 15:50:09,078 [Worker-9] WARN  o.e.m.c.i.embedder.EclipseLogger - Using platform encoding (Cp1252 actually) to copy filtered resources, i.e. build is platform dependent!
2020-04-03 15:50:09,078 [Worker-9] INFO  o.e.m.c.i.embedder.EclipseLogger - skip non existing resourceDirectory C:\Users\ssorakaylu\workspace1\Demo_test\src\test\resources
2020-04-03 15:50:13,386 [Worker-9] WARN  o.e.m.c.i.embedder.EclipseLogger - Using platform encoding (Cp1252 actually) to copy filtered resources, i.e. build is platform dependent!
2020-04-03 15:50:13,386 [Worker-9] INFO  o.e.m.c.i.embedder.EclipseLogger - skip non existing resourceDirectory C:\Users\ssorakaylu\workspace1\Demo_test\src\main\resources
2020-04-03 15:50:13,386 [Worker-9] WARN  o.e.m.c.i.embedder.EclipseLogger - Using platform encoding (Cp1252 actually) to copy filtered resources, i.e. build is platform dependent!
2020-04-03 15:50:13,390 [Worker-9] INFO  o.e.m.c.i.embedder.EclipseLogger - skip non existing resourceDirectory C:\Users\ssorakaylu\workspace1\Demo_test\src\test\resources
2020-04-03 15:51:45,691 [Worker-6] WARN  o.e.m.c.i.embedder.EclipseLogger - Using platform encoding (Cp1252 actually) to copy filtered resources, i.e. build is platform dependent!
2020-04-03 15:51:45,693 [Worker-6] INFO  o.e.m.c.i.embedder.EclipseLogger - skip non existing resourceDirectory C:\Users\ssorakaylu\workspace1\Demo_test\src\main\resources
2020-04-03 15:51:45,694 [Worker-6] WARN  o.e.m.c.i.embedder.EclipseLogger - Using platform encoding (Cp1252 actually) to copy filtered resources, i.e. build is platform dependent!
2020-04-03 15:51:45,695 [Worker-6] INFO  o.e.m.c.i.embedder.EclipseLogger - skip non existing resourceDirectory C:\Users\ssorakaylu\workspace1\Demo_test\src\test\resources
2020-04-03 15:51:56,814 [Worker-11] WARN  o.e.m.c.i.embedder.EclipseLogger - Using platform encoding (Cp1252 actually) to copy filtered resources, i.e. build is platform dependent!
2020-04-03 15:51:56,815 [Worker-11] INFO  o.e.m.c.i.embedder.EclipseLogger - skip non existing resourceDirectory C:\Users\ssorakaylu\workspace1\Demo_test\src\main\resources
2020-04-03 15:51:56,816 [Worker-11] WARN  o.e.m.c.i.embedder.EclipseLogger - Using platform encoding (Cp1252 actually) to copy filtered resources, i.e. build is platform dependent!
2020-04-03 15:51:56,817 [Worker-11] INFO  o.e.m.c.i.embedder.EclipseLogger - skip non existing resourceDirectory C:\Users\ssorakaylu\workspace1\Demo_test\src\test\resources
2020-04-03 15:52:16,527 [Worker-6] WARN  o.e.m.c.i.embedder.EclipseLogger - Using platform encoding (Cp1252 actually) to copy filtered resources, i.e. build is platform dependent!
2020-04-03 15:52:16,530 [Worker-6] INFO  o.e.m.c.i.embedder.EclipseLogger - skip non existing resourceDirectory C:\Users\ssorakaylu\workspace1\Demo_test\src\main\resources
2020-04-03 15:52:16,534 [Worker-6] WARN  o.e.m.c.i.embedder.EclipseLogger - Using platform encoding (Cp1252 actually) to copy filtered resources, i.e. build is platform dependent!
2020-04-03 15:52:16,538 [Worker-6] INFO  o.e.m.c.i.embedder.EclipseLogger - skip non existing resourceDirectory C:\Users\ssorakaylu\workspace1\Demo_test\src\test\resources
2020-04-03 15:52:36,324 [Worker-11] WARN  o.e.m.c.i.embedder.EclipseLogger - Using platform encoding (Cp1252 actually) to copy filtered resources, i.e. build is platform dependent!
2020-04-03 15:52:36,325 [Worker-11] INFO  o.e.m.c.i.embedder.EclipseLogger - skip non existing resourceDirectory C:\Users\ssorakaylu\workspace1\Demo_test\src\main\resources
2020-04-03 15:52:36,333 [Worker-11] WARN  o.e.m.c.i.embedder.EclipseLogger - Using platform encoding (Cp1252 actually) to copy filtered resources, i.e. build is platform dependent!
2020-04-03 15:52:36,335 [Worker-11] INFO  o.e.m.c.i.embedder.EclipseLogger - skip non existing resourceDirectory C:\Users\ssorakaylu\workspace1\Demo_test\src\test\resources
2020-04-03 15:52:48,892 [Worker-14] WARN  o.e.m.c.i.embedder.EclipseLogger - Using platform encoding (Cp1252 actually) to copy filtered resources, i.e. build is platform dependent!
2020-04-03 15:52:48,893 [Worker-14] INFO  o.e.m.c.i.embedder.EclipseLogger - skip non existing resourceDirectory C:\Users\ssorakaylu\workspace1\Demo_test\src\main\resources
2020-04-03 15:52:48,894 [Worker-14] WARN  o.e.m.c.i.embedder.EclipseLogger - Using platform encoding (Cp1252 actually) to copy filtered resources, i.e. build is platform dependent!
2020-04-03 15:52:48,895 [Worker-14] INFO  o.e.m.c.i.embedder.EclipseLogger - skip non existing resourceDirectory C:\Users\ssorakaylu\workspace1\Demo_test\src\test\resources
2020-04-03 15:53:16,210 [Worker-10] WARN  o.e.m.c.i.embedder.EclipseLogger - Using platform encoding (Cp1252 actually) to copy filtered resources, i.e. build is platform dependent!
2020-04-03 15:53:16,214 [Worker-10] INFO  o.e.m.c.i.embedder.EclipseLogger - skip non existing resourceDirectory C:\Users\ssorakaylu\workspace1\Demo_test\src\main\resources
2020-04-03 15:53:16,214 [Worker-10] WARN  o.e.m.c.i.embedder.EclipseLogger - Using platform encoding (Cp1252 actually) to copy filtered resources, i.e. build is platform dependent!
2020-04-03 15:53:16,214 [Worker-10] INFO  o.e.m.c.i.embedder.EclipseLogger - skip non existing resourceDirectory C:\Users\ssorakaylu\workspace1\Demo_test\src\test\resources
2020-04-03 15:59:02,078 [Worker-18] WARN  o.e.m.c.i.embedder.EclipseLogger - Using platform encoding (Cp1252 actually) to copy filtered resources, i.e. build is platform dependent!
2020-04-03 15:59:02,079 [Worker-18] INFO  o.e.m.c.i.embedder.EclipseLogger - skip non existing resourceDirectory C:\Users\ssorakaylu\workspace1\Demo_test\src\main\resources
2020-04-03 15:59:02,080 [Worker-18] WARN  o.e.m.c.i.embedder.EclipseLogger - Using platform encoding (Cp1252 actually) to copy filtered resources, i.e. build is platform dependent!
2020-04-03 15:59:02,081 [Worker-18] INFO  o.e.m.c.i.embedder.EclipseLogger - skip non existing resourceDirectory C:\Users\ssorakaylu\workspace1\Demo_test\src\test\resources
2020-04-03 15:59:31,856 [Worker-20] WARN  o.e.m.c.i.embedder.EclipseLogger - Using platform encoding (Cp1252 actually) to copy filtered resources, i.e. build is platform dependent!
2020-04-03 15:59:31,857 [Worker-20] INFO  o.e.m.c.i.embedder.EclipseLogger - skip non existing resourceDirectory C:\Users\ssorakaylu\workspace1\Demo_test\src\main\resources
2020-04-03 15:59:31,857 [Worker-20] WARN  o.e.m.c.i.embedder.EclipseLogger - Using platform encoding (Cp1252 actually) to copy filtered resources, i.e. build is platform dependent!
2020-04-03 15:59:31,858 [Worker-20] INFO  o.e.m.c.i.embedder.EclipseLogger - skip non existing resourceDirectory C:\Users\ssorakaylu\workspace1\Demo_test\src\test\resources
2020-04-03 16:02:47,504 [Worker-19] WARN  o.e.m.c.i.embedder.EclipseLogger - Using platform encoding (Cp1252 actually) to copy filtered resources, i.e. build is platform dependent!
2020-04-03 16:02:47,506 [Worker-19] INFO  o.e.m.c.i.embedder.EclipseLogger - skip non existing resourceDirectory C:\Users\ssorakaylu\workspace1\Demo_test\src\main\resources
2020-04-03 16:02:47,507 [Worker-19] WARN  o.e.m.c.i.embedder.EclipseLogger - Using platform encoding (Cp1252 actually) to copy filtered resources, i.e. build is platform dependent!
2020-04-03 16:02:47,508 [Worker-19] INFO  o.e.m.c.i.embedder.EclipseLogger - skip non existing resourceDirectory C:\Users\ssorakaylu\workspace1\Demo_test\src\test\resources
2020-04-03 16:02:50,607 [Worker-10] WARN  o.e.m.c.i.embedder.EclipseLogger - Using platform encoding (Cp1252 actually) to copy filtered resources, i.e. build is platform dependent!
2020-04-03 16:02:50,608 [Worker-10] INFO  o.e.m.c.i.embedder.EclipseLogger - skip non existing resourceDirectory C:\Users\ssorakaylu\workspace1\Demo_test\src\main\resources
2020-04-03 16:02:50,609 [Worker-10] WARN  o.e.m.c.i.embedder.EclipseLogger - Using platform encoding (Cp1252 actually) to copy filtered resources, i.e. build is platform dependent!
2020-04-03 16:02:50,610 [Worker-10] INFO  o.e.m.c.i.embedder.EclipseLogger - skip non existing resourceDirectory C:\Users\ssorakaylu\workspace1\Demo_test\src\test\resources
2020-04-03 16:03:10,654 [Worker-18] WARN  o.e.m.c.i.embedder.EclipseLogger - Using platform encoding (Cp1252 actually) to copy filtered resources, i.e. build is platform dependent!
2020-04-03 16:03:10,656 [Worker-18] INFO  o.e.m.c.i.embedder.EclipseLogger - skip non existing resourceDirectory C:\Users\ssorakaylu\workspace1\Demo_test\src\main\resources
2020-04-03 16:03:10,658 [Worker-18] WARN  o.e.m.c.i.embedder.EclipseLogger - Using platform encoding (Cp1252 actually) to copy filtered resources, i.e. build is platform dependent!
2020-04-03 16:03:10,660 [Worker-18] INFO  o.e.m.c.i.embedder.EclipseLogger - skip non existing resourceDirectory C:\Users\ssorakaylu\workspace1\Demo_test\src\test\resources
2020-04-03 16:04:48,464 [Worker-20] WARN  o.e.m.c.i.embedder.EclipseLogger - Using platform encoding (Cp1252 actually) to copy filtered resources, i.e. build is platform dependent!
2020-04-03 16:04:48,465 [Worker-20] INFO  o.e.m.c.i.embedder.EclipseLogger - skip non existing resourceDirectory C:\Users\ssorakaylu\workspace1\Demo_test\src\main\resources
2020-04-03 16:04:48,466 [Worker-20] WARN  o.e.m.c.i.embedder.EclipseLogger - Using platform encoding (Cp1252 actually) to copy filtered resources, i.e. build is platform dependent!
2020-04-03 16:04:48,466 [Worker-20] INFO  o.e.m.c.i.embedder.EclipseLogger - skip non existing resourceDirectory C:\Users\ssorakaylu\workspace1\Demo_test\src\test\resources
2020-04-03 20:16:05,143 [Worker-79] WARN  o.e.m.c.i.embedder.EclipseLogger - Using platform encoding (Cp1252 actually) to copy filtered resources, i.e. build is platform dependent!
2020-04-03 20:16:05,144 [Worker-79] INFO  o.e.m.c.i.embedder.EclipseLogger - skip non existing resourceDirectory C:\Users\ssorakaylu\workspace1\Demo_test\src\main\resources
2020-04-03 20:16:05,145 [Worker-79] WARN  o.e.m.c.i.embedder.EclipseLogger - Using platform encoding (Cp1252 actually) to copy filtered resources, i.e. build is platform dependent!
2020-04-03 20:16:05,146 [Worker-79] INFO  o.e.m.c.i.embedder.EclipseLogger - skip non existing resourceDirectory C:\Users\ssorakaylu\workspace1\Demo_test\src\test\resources
2020-04-03 20:24:28,844 [Worker-4] WARN  o.e.m.c.i.embedder.EclipseLogger - Using platform encoding (Cp1252 actually) to copy filtered resources, i.e. build is platform dependent!
2020-04-03 20:24:28,855 [Worker-4] INFO  o.e.m.c.i.embedder.EclipseLogger - skip non existing resourceDirectory C:\Users\ssorakaylu\workspace1\Demo_test\src\main\resources
2020-04-03 20:24:28,857 [Worker-4] WARN  o.e.m.c.i.embedder.EclipseLogger - Using platform encoding (Cp1252 actually) to copy filtered resources, i.e. build is platform dependent!
2020-04-03 20:24:28,858 [Worker-4] INFO  o.e.m.c.i.embedder.EclipseLogger - skip non existing resourceDirectory C:\Users\ssorakaylu\workspace1\Demo_test\src\test\resources
2020-04-03 21:26:38,615 [Worker-6] WARN  o.e.m.c.i.embedder.EclipseLogger - Using platform encoding (Cp1252 actually) to copy filtered resources, i.e. build is platform dependent!
2020-04-03 21:26:38,625 [Worker-6] INFO  o.e.m.c.i.embedder.EclipseLogger - skip non existing resourceDirectory C:\Users\ssorakaylu\workspace1\Demo_test\src\main\resources
2020-04-03 21:26:38,626 [Worker-6] WARN  o.e.m.c.i.embedder.EclipseLogger - Using platform encoding (Cp1252 actually) to copy filtered resources, i.e. build is platform dependent!
2020-04-03 21:26:38,627 [Worker-6] INFO  o.e.m.c.i.embedder.EclipseLogger - skip non existing resourceDirectory C:\Users\ssorakaylu\workspace1\Demo_test\src\test\resources
2020-04-03 21:26:38,815 [Worker-0] WARN  o.e.m.c.i.embedder.EclipseLogger - Using platform encoding (Cp1252 actually) to copy filtered resources, i.e. build is platform dependent!
2020-04-03 21:26:38,816 [Worker-0] INFO  o.e.m.c.i.embedder.EclipseLogger - skip non existing resourceDirectory C:\Users\ssorakaylu\workspace1\Sample\src\main\resources
2020-04-03 21:26:38,817 [Worker-0] WARN  o.e.m.c.i.embedder.EclipseLogger - Using platform encoding (Cp1252 actually) to copy filtered resources, i.e. build is platform dependent!
2020-04-03 21:26:38,818 [Worker-0] INFO  o.e.m.c.i.embedder.EclipseLogger - skip non existing resourceDirectory C:\Users\ssorakaylu\workspace1\Sample\src\test\resources
